Command line:
   rom_1_sim_isim_beh.exe
     -simmode  gui
     -simrunnum  0
     -socket  35983

Mon Oct 26 23:49:35 2020


 Elaboration Time: 0.04 sec

 Current Memory Usage: 250.749 Meg

 Total Signals          : 9
 Total Nets             : 26
 Total Signal Drivers   : 5
 Total Blocks           : 6
 Total Primitive Blocks : 5
 Total Processes        : 4
 Total Traceable Variables  : 17
 Total Scalar Nets and Variables : 2576
Total Line Count : 23

 Total Simulation Time: 1.72 sec

 Current Memory Usage: 326.25 Meg

Mon Oct 26 23:56:55 2020

